{
  "summary": {
    "outcome": "Failed",
    "testsRan": 1,
    "passing": 0,
    "failing": 1,
    "skipped": 0,
    "passRate": "0%",
    "failRate": "100%",
    "skipRate": "0%",
    "testStartTime": "Thu Jul 08 2021 11:12:19",
    "testExecutionTimeInMs": 4354,
    "testTotalTimeInMs": 4354,
    "commandTimeInMs": 88,
    "hostname": "https://resilient-otter-1prld4-dev-ed.my.salesforce.com",
    "orgId": "00D09000007luNjEAI",
    "username": "c.delfino@resilient-otter-1prld4.com",
    "testRunId": "7070900000OBOJI",
    "userId": "00509000006mONWAA2"
  },
  "tests": [
    {
      "id": "07M09000000iX2XEAU",
      "queueItemId": "70909000000t070AAA",
      "stackTrace": "Class.TestUpdateAccountCA.updateAccOrderWithMoreThanTwoHundredOtherOrders: line 51, column 1",
      "message": "System.AssertException: Assertion Failed: Expected: 30100, Actual: 50200",
      "asyncApexJobId": "7070900000OBOJIAA5",
      "methodName": "updateAccOrderWithMoreThanTwoHundredOtherOrders",
      "outcome": "Fail",
      "apexLogId": "07L09000003ftv9EAA",
      "apexClass": {
        "id": "01p0900000IpxJZAAZ",
        "name": "TestUpdateAccountCA",
        "namespacePrefix": null,
        "fullName": "TestUpdateAccountCA"
      },
      "runTime": 4354,
      "testTimestamp": "2021-07-08T09:12:23.000+0000",
      "fullName": "TestUpdateAccountCA.updateAccOrderWithMoreThanTwoHundredOtherOrders",
      "diagnostic": {
        "exceptionMessage": "System.AssertException: Assertion Failed: Expected: 30100, Actual: 50200",
        "exceptionStackTrace": "Class.TestUpdateAccountCA.updateAccOrderWithMoreThanTwoHundredOtherOrders: line 51, column 1",
        "className": "TestUpdateAccountCA",
        "compileProblem": "",
        "lineNumber": 51,
        "columnNumber": 1
      }
    }
  ]
}