{
  "summary": {
    "outcome": "Failed",
    "testsRan": 1,
    "passing": 0,
    "failing": 1,
    "skipped": 0,
    "passRate": "0%",
    "failRate": "100%",
    "skipRate": "0%",
    "testStartTime": "Mon Jun 28 2021 16:21:25",
    "testExecutionTimeInMs": 220,
    "testTotalTimeInMs": 220,
    "commandTimeInMs": 91,
    "hostname": "https://resilient-otter-1prld4-dev-ed.my.salesforce.com",
    "orgId": "00D09000007luNjEAI",
    "username": "c.delfino@resilient-otter-1prld4.com",
    "testRunId": "7070900000MbnvI",
    "userId": "00509000006mONWAA2"
  },
  "tests": [
    {
      "id": "07M09000000iQrdEAE",
      "queueItemId": "70909000000szlMAAQ",
      "stackTrace": "Class.TestUpdateAccounts.testUpdateAnAccount: line 31, column 1",
      "message": "System.AssertException: Assertion Failed: Expected: 11500, Actual: 13000",
      "asyncApexJobId": "7070900000MbnvIAAR",
      "methodName": "testUpdateAnAccount",
      "outcome": "Fail",
      "apexLogId": "07L09000003fTiUEAU",
      "apexClass": {
        "id": "01p0900000KEpHxAAL",
        "name": "TestUpdateAccounts",
        "namespacePrefix": null,
        "fullName": "TestUpdateAccounts"
      },
      "runTime": 220,
      "testTimestamp": "2021-06-28T14:21:26.000+0000",
      "fullName": "TestUpdateAccounts.testUpdateAnAccount",
      "diagnostic": {
        "exceptionMessage": "System.AssertException: Assertion Failed: Expected: 11500, Actual: 13000",
        "exceptionStackTrace": "Class.TestUpdateAccounts.testUpdateAnAccount: line 31, column 1",
        "className": "TestUpdateAccounts",
        "compileProblem": "",
        "lineNumber": 31,
        "columnNumber": 1
      }
    }
  ]
}